<?xml version="1.0" encoding="UTF-8"?>
<!-- Generated by org.testng.reporters.JUnitXMLReporter -->
<testsuite hostname="BWAW_500" name="Command line test" tests="4" failures="1" timestamp="7 Feb 2018 09:58:38 GMT" time="40.175" errors="0">
  <testcase name="OpenMainPage" time="15.905" classname="Annotiations.Test.SimpleTest"/>
  <testcase name="GoToEZakupyPage" time="5.324" classname="Annotiations.Test.SimpleTest"/>
  <testcase name="LoginToEZakupy" time="4.963" classname="Annotiations.Test.SimpleTest"/>
  <testcase name="AddToCart" time="6.983" classname="Annotiations.Test.SimpleTest">
    <failure type="java.lang.AssertionError" message="Name of product selected and in the cart are not the same expected [true] but found [false]">
      <![CDATA[java.lang.AssertionError: Name of product selected and in the cart are not the same expected [true] but found [false]
	at Annotiations.Test.SimpleTest.AddToCart(SimpleTest.java:32)
	at org.apache.maven.surefire.testng.TestNGExecutor.run(TestNGExecutor.java:77)
	at org.apache.maven.surefire.testng.TestNGDirectoryTestSuite.executeMulti(TestNGDirectoryTestSuite.java:159)
	at org.apache.maven.surefire.testng.TestNGDirectoryTestSuite.execute(TestNGDirectoryTestSuite.java:99)
	at org.apache.maven.surefire.testng.TestNGProvider.invoke(TestNGProvider.java:106)
	at org.apache.maven.surefire.util.ReflectionUtils.invokeMethodWithArray(ReflectionUtils.java:189)
	at org.apache.maven.surefire.booter.ProviderFactory$ProviderProxy.invoke(ProviderFactory.java:165)
	at org.apache.maven.surefire.booter.ProviderFactory.invokeProvider(ProviderFactory.java:85)
	at org.apache.maven.surefire.booter.ForkedBooter.runSuitesInProcess(ForkedBooter.java:115)
	at org.apache.maven.surefire.booter.ForkedBooter.main(ForkedBooter.java:75)
... Removed 28 stack frames]]>
    </failure>
  </testcase> <!-- AddToCart -->
</testsuite> <!-- Command line test -->
