<?xml version="1.0" encoding="UTF-8"?>
<testng-results skipped="0" failed="1" total="4" passed="3">
  <reporter-output>
  </reporter-output>
  <suite name="Command line suite" duration-ms="40175" started-at="2018-02-07T09:57:57Z" finished-at="2018-02-07T09:58:37Z">
    <groups>
    </groups>
    <test name="Command line test" duration-ms="40175" started-at="2018-02-07T09:57:57Z" finished-at="2018-02-07T09:58:37Z">
      <class name="Annotiations.Test.SimpleTest">
        <test-method status="PASS" signature="initialiseDriver()[pri:0, instance:Annotiations.Test.SimpleTest@6a4f787b]" name="initialiseDriver" is-config="true" duration-ms="3317" started-at="2018-02-07T10:57:57Z" finished-at="2018-02-07T10:58:00Z">
          <reporter-output>
          </reporter-output>
        </test-method> <!-- initialiseDriver -->
        <test-method status="PASS" signature="OpenMainPage()[pri:0, instance:Annotiations.Test.SimpleTest@6a4f787b]" name="OpenMainPage" duration-ms="15905" started-at="2018-02-07T10:58:01Z" description="Uruchomienie strony Tesco.pl" finished-at="2018-02-07T10:58:16Z">
          <reporter-output>
          </reporter-output>
        </test-method> <!-- OpenMainPage -->
        <test-method status="PASS" signature="beforeMethod()[pri:0, instance:Annotiations.Test.SimpleTest@6a4f787b]" name="beforeMethod" is-config="true" duration-ms="0" started-at="2018-02-07T10:58:01Z" finished-at="2018-02-07T10:58:01Z">
          <reporter-output>
          </reporter-output>
        </test-method> <!-- beforeMethod -->
        <test-method status="PASS" signature="afterTest(org.testng.ITestResult)[pri:0, instance:Annotiations.Test.SimpleTest@6a4f787b]" name="afterTest" is-config="true" duration-ms="1" started-at="2018-02-07T10:58:16Z" finished-at="2018-02-07T10:58:16Z">
          <params>
            <param index="0">
              <value>
                <![CDATA[[TestResult name=OpenMainPage status=SUCCESS method=SimpleTest.OpenMainPage()[pri:0, instance:Annotiations.Test.SimpleTest@6a4f787b] output={null}]]]>
              </value>
            </param>
          </params>
          <reporter-output>
          </reporter-output>
        </test-method> <!-- afterTest -->
        <test-method status="PASS" signature="GoToEZakupyPage()[pri:0, instance:Annotiations.Test.SimpleTest@6a4f787b]" name="GoToEZakupyPage" duration-ms="5324" started-at="2018-02-07T10:58:16Z" description="PrzejÅ›cie na strone eZakupy" finished-at="2018-02-07T10:58:22Z">
          <reporter-output>
          </reporter-output>
        </test-method> <!-- GoToEZakupyPage -->
        <test-method status="PASS" signature="beforeMethod()[pri:0, instance:Annotiations.Test.SimpleTest@6a4f787b]" name="beforeMethod" is-config="true" duration-ms="0" started-at="2018-02-07T10:58:16Z" finished-at="2018-02-07T10:58:16Z">
          <reporter-output>
          </reporter-output>
        </test-method> <!-- beforeMethod -->
        <test-method status="PASS" signature="afterTest(org.testng.ITestResult)[pri:0, instance:Annotiations.Test.SimpleTest@6a4f787b]" name="afterTest" is-config="true" duration-ms="0" started-at="2018-02-07T10:58:22Z" finished-at="2018-02-07T10:58:22Z">
          <params>
            <param index="0">
              <value>
                <![CDATA[[TestResult name=GoToEZakupyPage status=SUCCESS method=SimpleTest.GoToEZakupyPage()[pri:0, instance:Annotiations.Test.SimpleTest@6a4f787b] output={null}]]]>
              </value>
            </param>
          </params>
          <reporter-output>
          </reporter-output>
        </test-method> <!-- afterTest -->
        <test-method status="PASS" signature="beforeMethod()[pri:0, instance:Annotiations.Test.SimpleTest@6a4f787b]" name="beforeMethod" is-config="true" duration-ms="0" started-at="2018-02-07T10:58:22Z" finished-at="2018-02-07T10:58:22Z">
          <reporter-output>
          </reporter-output>
        </test-method> <!-- beforeMethod -->
        <test-method status="PASS" signature="LoginToEZakupy()[pri:0, instance:Annotiations.Test.SimpleTest@6a4f787b]" name="LoginToEZakupy" duration-ms="4963" started-at="2018-02-07T10:58:22Z" description="Zalogowanie do eZakupy" finished-at="2018-02-07T10:58:27Z">
          <reporter-output>
          </reporter-output>
        </test-method> <!-- LoginToEZakupy -->
        <test-method status="FAIL" signature="AddToCart()[pri:0, instance:Annotiations.Test.SimpleTest@6a4f787b]" name="AddToCart" duration-ms="6983" started-at="2018-02-07T10:58:27Z" description="Szukanie i dodawanie produktu do koszyka" finished-at="2018-02-07T10:58:34Z">
          <exception class="java.lang.AssertionError">
            <message>
              <![CDATA[Name of product selected and in the cart are not the same expected [true] but found [false]]]>
            </message>
            <full-stacktrace>
              <![CDATA[java.lang.AssertionError: Name of product selected and in the cart are not the same expected [true] but found [false]
	at org.testng.Assert.fail(Assert.java:94)
	at org.testng.Assert.failNotEquals(Assert.java:494)
	at org.testng.Assert.assertTrue(Assert.java:42)
	at Annotiations.Test.SimpleTest.AddToCart(SimpleTest.java:32)
	at sun.reflect.NativeMethodAccessorImpl.invoke0(Native Method)
	at sun.reflect.NativeMethodAccessorImpl.invoke(NativeMethodAccessorImpl.java:62)
	at sun.reflect.DelegatingMethodAccessorImpl.invoke(DelegatingMethodAccessorImpl.java:43)
	at java.lang.reflect.Method.invoke(Method.java:498)
	at org.testng.internal.MethodInvocationHelper.invokeMethod(MethodInvocationHelper.java:80)
	at org.testng.internal.Invoker.invokeMethod(Invoker.java:714)
	at org.testng.internal.Invoker.invokeTestMethod(Invoker.java:901)
	at org.testng.internal.Invoker.invokeTestMethods(Invoker.java:1231)
	at org.testng.internal.TestMethodWorker.invokeTestMethods(TestMethodWorker.java:127)
	at org.testng.internal.TestMethodWorker.run(TestMethodWorker.java:111)
	at org.testng.TestRunner.privateRun(TestRunner.java:767)
	at org.testng.TestRunner.run(TestRunner.java:617)
	at org.testng.SuiteRunner.runTest(SuiteRunner.java:334)
	at org.testng.SuiteRunner.runSequentially(SuiteRunner.java:329)
	at org.testng.SuiteRunner.privateRun(SuiteRunner.java:291)
	at org.testng.SuiteRunner.run(SuiteRunner.java:240)
	at org.testng.SuiteRunnerWorker.runSuite(SuiteRunnerWorker.java:52)
	at org.testng.SuiteRunnerWorker.run(SuiteRunnerWorker.java:86)
	at org.testng.TestNG.runSuitesSequentially(TestNG.java:1198)
	at org.testng.TestNG.runSuitesLocally(TestNG.java:1123)
	at org.testng.TestNG.run(TestNG.java:1031)
	at org.apache.maven.surefire.testng.TestNGExecutor.run(TestNGExecutor.java:77)
	at org.apache.maven.surefire.testng.TestNGDirectoryTestSuite.executeMulti(TestNGDirectoryTestSuite.java:159)
	at org.apache.maven.surefire.testng.TestNGDirectoryTestSuite.execute(TestNGDirectoryTestSuite.java:99)
	at org.apache.maven.surefire.testng.TestNGProvider.invoke(TestNGProvider.java:106)
	at sun.reflect.NativeMethodAccessorImpl.invoke0(Native Method)
	at sun.reflect.NativeMethodAccessorImpl.invoke(NativeMethodAccessorImpl.java:62)
	at sun.reflect.DelegatingMethodAccessorImpl.invoke(DelegatingMethodAccessorImpl.java:43)
	at java.lang.reflect.Method.invoke(Method.java:498)
	at org.apache.maven.surefire.util.ReflectionUtils.invokeMethodWithArray(ReflectionUtils.java:189)
	at org.apache.maven.surefire.booter.ProviderFactory$ProviderProxy.invoke(ProviderFactory.java:165)
	at org.apache.maven.surefire.booter.ProviderFactory.invokeProvider(ProviderFactory.java:85)
	at org.apache.maven.surefire.booter.ForkedBooter.runSuitesInProcess(ForkedBooter.java:115)
	at org.apache.maven.surefire.booter.ForkedBooter.main(ForkedBooter.java:75)
]]>
            </full-stacktrace>
          </exception> <!-- java.lang.AssertionError -->
          <reporter-output>
          </reporter-output>
        </test-method> <!-- AddToCart -->
        <test-method status="PASS" signature="afterTest(org.testng.ITestResult)[pri:0, instance:Annotiations.Test.SimpleTest@6a4f787b]" name="afterTest" is-config="true" duration-ms="0" started-at="2018-02-07T10:58:27Z" finished-at="2018-02-07T10:58:27Z">
          <params>
            <param index="0">
              <value>
                <![CDATA[[TestResult name=LoginToEZakupy status=SUCCESS method=SimpleTest.LoginToEZakupy()[pri:0, instance:Annotiations.Test.SimpleTest@6a4f787b] output={null}]]]>
              </value>
            </param>
          </params>
          <reporter-output>
          </reporter-output>
        </test-method> <!-- afterTest -->
        <test-method status="PASS" signature="beforeMethod()[pri:0, instance:Annotiations.Test.SimpleTest@6a4f787b]" name="beforeMethod" is-config="true" duration-ms="0" started-at="2018-02-07T10:58:27Z" finished-at="2018-02-07T10:58:27Z">
          <reporter-output>
          </reporter-output>
        </test-method> <!-- beforeMethod -->
        <test-method status="PASS" signature="quitDriver()[pri:0, instance:Annotiations.Test.SimpleTest@6a4f787b]" name="quitDriver" is-config="true" duration-ms="3510" started-at="2018-02-07T10:58:34Z" finished-at="2018-02-07T10:58:37Z">
          <reporter-output>
          </reporter-output>
        </test-method> <!-- quitDriver -->
        <test-method status="PASS" signature="afterTest(org.testng.ITestResult)[pri:0, instance:Annotiations.Test.SimpleTest@6a4f787b]" name="afterTest" is-config="true" duration-ms="0" started-at="2018-02-07T10:58:34Z" finished-at="2018-02-07T10:58:34Z">
          <params>
            <param index="0">
              <value>
                <![CDATA[[TestResult name=AddToCart status=FAILURE method=SimpleTest.AddToCart()[pri:0, instance:Annotiations.Test.SimpleTest@6a4f787b] output={null}]]]>
              </value>
            </param>
          </params>
          <reporter-output>
          </reporter-output>
        </test-method> <!-- afterTest -->
      </class> <!-- Annotiations.Test.SimpleTest -->
    </test> <!-- Command line test -->
  </suite> <!-- Command line suite -->
</testng-results>
